<?xml version="1.0" encoding="UTF-8"?>
<testng-results ignored="0" total="1" passed="1" failed="0" skipped="0">
  <reporter-output>
  </reporter-output>
  <suite started-at="2020-03-09T20:07:10 IST" name="Default suite" finished-at="2020-03-09T20:07:22 IST" duration-ms="12146">
    <groups>
    </groups>
    <test started-at="2020-03-09T20:07:10 IST" name="Default test" finished-at="2020-03-09T20:07:22 IST" duration-ms="12146">
      <class name="com.atmecs.swaglabs.testscript.TestSript">
        <test-method is-config="true" signature="invokeBrowser()[pri:0, instance:com.atmecs.swaglabs.testscript.TestSript@7f1302d6]" started-at="2020-03-09T20:07:10 IST" name="invokeBrowser" finished-at="2020-03-09T20:07:18 IST" duration-ms="8032" status="PASS">
          <reporter-output>
          </reporter-output>
        </test-method> <!-- invokeBrowser -->
        <test-method signature="login()[pri:0, instance:com.atmecs.swaglabs.testscript.TestSript@7f1302d6]" started-at="2020-03-09T20:07:18 IST" name="login" finished-at="2020-03-09T20:07:22 IST" duration-ms="4065" status="PASS">
          <reporter-output>
          </reporter-output>
        </test-method> <!-- login -->
      </class> <!-- com.atmecs.swaglabs.testscript.TestSript -->
    </test> <!-- Default test -->
  </suite> <!-- Default suite -->
</testng-results>
